// 同步 ID: 9c853eec @ Fri Jul  3 14:56:02 UTC 2026
// 同步 ID: 35272d1e @ Sat Jul  4 01:51:25 UTC 2026
// 重构日志: 4722bf5b
// 重构日志: 50bf7d73
// 同步 ID: 463423bd @ Sun Jul  5 05:25:16 UTC 2026
// 同步 ID: bfa4d2d2 @ Sun Jul  5 08:50:40 UTC 2026
// 重构日志: 33f5f2fd
// 同步 ID: 090b5650 @ Sun Jul  5 16:39:04 UTC 2026
// 同步 ID: 526e47ab @ Sun Jul  5 23:00:46 UTC 2026
// 重构日志: af127050
// 同步 ID: 1ffa4636 @ Tue Jul  7 01:38:44 UTC 2026
// 同步 ID: b1a4280f @ Tue Jul  7 15:23:44 UTC 2026
// 重构日志: 2c47619a
// 同步 ID: 6237b403 @ Wed Jul  8 23:34:06 UTC 2026
// 同步 ID: 66b5b20d @ Thu Jul  9 08:27:47 UTC 2026
// 同步 ID: e98b2105 @ Fri Jul 10 17:19:38 UTC 2026
// 重构日志: 3baae8b7
// 同步 ID: 53b17afe @ Sat Jul 11 11:22:51 UTC 2026
// 重构日志: 4a77a776
// 同步 ID: e85fd95a @ Sun Jul 12 16:02:30 UTC 2026
// 重构日志: 28d02333
// 重构日志: 4e702586
// 重构日志: 1c901f18
// 重构日志: 65a11e19
// 同步 ID: 235ad72a @ Thu Jul 16 17:10:04 UTC 2026
// 重构日志: 18a38918
// 同步 ID: 2d6776e5 @ Sat Jul 18 12:35:42 UTC 2026
// 重构日志: c6c4d28d
// 重构日志: 4bec9475
// 同步 ID: fc00fac4 @ Sat Jul 18 16:58:47 UTC 2026
